TN:
SF:models/feedback.model.js
FNF:0
FNH:0
DA:4,1
DA:18,1
LF:2
LH:2
BRF:0
BRH:0
end_of_record
TN:
SF:models/location.model.js
FNF:0
FNH:0
DA:4,3
DA:27,3
LF:2
LH:2
BRF:0
BRH:0
end_of_record
TN:
SF:models/review.model.js
FN:18,(anonymous_0)
FN:21,(anonymous_1)
FNF:2
FNH:0
FNDA:0,(anonymous_0)
FNDA:0,(anonymous_1)
DA:3,1
DA:19,0
DA:21,0
DA:35,1
LF:4
LH:2
BRDA:19,0,0,0
BRDA:19,0,1,0
BRDA:19,0,2,0
BRF:3
BRH:0
end_of_record
TN:
SF:models/users.model.js
FNF:0
FNH:0
DA:4,1
DA:26,1
LF:2
LH:2
BRF:0
BRH:0
end_of_record
TN:
SF:routes/feedback.route.js
FN:6,(anonymous_0)
FNF:1
FNH:1
FNDA:5,(anonymous_0)
DA:4,1
DA:6,1
DA:7,5
DA:8,5
DA:9,2
DA:11,3
DA:13,3
DA:14,3
DA:15,1
DA:17,2
DA:18,1
DA:19,1
DA:21,1
DA:22,1
LF:14
LH:14
BRDA:8,0,0,2
BRDA:8,0,1,3
BRDA:8,1,0,5
BRDA:8,1,1,4
BRDA:17,2,0,1
BRDA:17,2,1,1
BRF:6
BRH:6
end_of_record
TN:
SF:routes/location.route.js
FN:10,(anonymous_0)
FN:29,(anonymous_1)
FN:45,(anonymous_2)
FN:121,(anonymous_3)
FNF:4
FNH:4
FNDA:3,(anonymous_0)
FNDA:3,(anonymous_1)
FNDA:6,(anonymous_2)
FNDA:11,(anonymous_3)
DA:5,1
DA:7,1
DA:10,1
DA:11,3
DA:12,3
DA:13,3
DA:17,2
DA:18,1
DA:20,1
DA:22,1
DA:23,1
DA:29,1
DA:30,3
DA:31,3
DA:33,2
DA:34,1
DA:37,1
DA:39,1
DA:40,1
DA:45,1
DA:46,6
DA:49,6
DA:50,1
DA:53,5
DA:54,5
DA:55,5
DA:59,5
DA:109,5
DA:110,2
DA:113,3
DA:115,0
DA:116,0
DA:121,1
DA:122,11
DA:123,11
DA:125,11
DA:127,11
DA:128,10
DA:131,11
DA:132,5
DA:133,4
DA:135,5
DA:136,2
DA:138,5
DA:139,1
DA:142,6
DA:143,1
DA:144,1
DA:146,1
DA:147,1
DA:149,1
DA:150,1
DA:153,5
DA:154,1
DA:155,1
DA:157,1
DA:158,1
DA:161,4
DA:162,2
DA:163,2
DA:165,2
DA:166,1
DA:168,2
DA:169,1
DA:171,2
DA:172,1
DA:175,2
DA:176,0
DA:177,0
DA:179,0
DA:180,0
DA:182,0
DA:183,0
DA:187,2
DA:190,9
DA:192,8
DA:193,1
DA:196,7
DA:198,1
DA:199,1
LF:80
LH:72
BRDA:17,0,0,1
BRDA:17,0,1,1
BRDA:17,1,0,2
BRDA:17,1,1,2
BRDA:33,2,0,1
BRDA:33,2,1,1
BRDA:33,3,0,2
BRDA:33,3,1,2
BRDA:46,4,0,5
BRDA:49,5,0,1
BRDA:49,5,1,5
BRDA:49,6,0,6
BRDA:49,6,1,5
BRDA:109,7,0,2
BRDA:109,7,1,3
BRDA:109,8,0,5
BRDA:109,8,1,5
BRDA:127,9,0,10
BRDA:127,9,1,1
BRDA:131,10,0,5
BRDA:131,10,1,6
BRDA:132,11,0,4
BRDA:132,11,1,1
BRDA:135,12,0,2
BRDA:135,12,1,3
BRDA:138,13,0,1
BRDA:138,13,1,4
BRDA:142,14,0,1
BRDA:142,14,1,5
BRDA:143,15,0,1
BRDA:143,15,1,0
BRDA:146,16,0,1
BRDA:146,16,1,0
BRDA:149,17,0,1
BRDA:149,17,1,0
BRDA:153,18,0,1
BRDA:153,18,1,4
BRDA:154,19,0,1
BRDA:154,19,1,0
BRDA:157,20,0,1
BRDA:157,20,1,0
BRDA:161,21,0,2
BRDA:161,21,1,2
BRDA:162,22,0,2
BRDA:162,22,1,0
BRDA:165,23,0,1
BRDA:165,23,1,1
BRDA:168,24,0,1
BRDA:168,24,1,1
BRDA:171,25,0,1
BRDA:171,25,1,1
BRDA:175,26,0,0
BRDA:175,26,1,2
BRDA:176,27,0,0
BRDA:176,27,1,0
BRDA:179,28,0,0
BRDA:179,28,1,0
BRDA:182,29,0,0
BRDA:182,29,1,0
BRDA:192,30,0,1
BRDA:192,30,1,7
BRDA:192,31,0,8
BRDA:192,31,1,8
BRF:63
BRH:50
end_of_record
TN:
SF:routes/review.route.js
FN:12,(anonymous_0)
FN:29,(anonymous_1)
FN:55,(anonymous_2)
FN:76,(anonymous_3)
FN:99,(anonymous_4)
FN:124,(anonymous_5)
FNF:6
FNH:3
FNDA:3,(anonymous_0)
FNDA:1,(anonymous_1)
FNDA:1,(anonymous_2)
FNDA:0,(anonymous_3)
FNDA:0,(anonymous_4)
FNDA:0,(anonymous_5)
DA:8,1
DA:10,1
DA:12,1
DA:13,3
DA:15,3
DA:16,1
DA:19,2
DA:20,2
DA:21,1
DA:22,1
DA:24,1
DA:29,1
DA:30,1
DA:31,1
DA:32,1
DA:34,1
DA:35,0
DA:38,1
DA:39,1
DA:42,0
DA:43,0
DA:44,0
DA:45,0
DA:47,0
DA:48,0
DA:50,0
DA:55,1
DA:56,1
DA:58,1
DA:59,1
DA:62,0
DA:63,0
DA:65,0
DA:66,0
DA:67,0
DA:70,0
DA:72,0
DA:76,1
DA:77,0
DA:79,0
DA:80,0
DA:83,0
DA:84,0
DA:89,0
DA:90,0
DA:93,0
DA:95,0
DA:99,1
DA:100,0
DA:101,0
DA:103,0
DA:104,0
DA:107,0
DA:109,0
DA:113,0
DA:114,0
DA:117,0
DA:119,0
DA:124,1
DA:125,0
DA:126,0
DA:127,0
DA:129,0
DA:130,0
DA:133,0
DA:134,0
DA:140,0
DA:141,0
DA:144,0
DA:145,0
DA:147,0
DA:149,0
DA:151,0
LF:73
LH:25
BRDA:15,0,0,1
BRDA:15,0,1,2
BRDA:32,1,0,1
BRDA:32,1,1,0
BRDA:34,2,0,0
BRDA:34,2,1,1
BRDA:38,3,0,1
BRDA:38,3,1,0
BRDA:44,4,0,0
BRDA:44,4,1,0
BRDA:58,5,0,1
BRDA:58,5,1,0
BRDA:66,6,0,0
BRDA:66,6,1,0
BRDA:66,7,0,0
BRDA:66,7,1,0
BRDA:79,8,0,0
BRDA:79,8,1,0
BRDA:89,9,0,0
BRDA:89,9,1,0
BRDA:101,10,0,0
BRDA:101,10,1,0
BRDA:103,11,0,0
BRDA:103,11,1,0
BRDA:113,12,0,0
BRDA:113,12,1,0
BRDA:127,13,0,0
BRDA:127,13,1,0
BRDA:129,14,0,0
BRDA:129,14,1,0
BRDA:140,15,0,0
BRDA:140,15,1,0
BRDA:144,16,0,0
BRDA:144,16,1,0
BRDA:145,17,0,0
BRDA:145,17,1,0
BRF:36
BRH:6
end_of_record
TN:
SF:routes/user.route.js
FN:14,(anonymous_0)
FN:25,(anonymous_1)
FN:42,(anonymous_2)
FN:73,(anonymous_3)
FN:92,(anonymous_4)
FN:129,(anonymous_5)
FN:173,(anonymous_6)
FN:198,(anonymous_7)
FN:219,(anonymous_8)
FN:244,(anonymous_9)
FN:265,(anonymous_10)
FN:274,(anonymous_11)
FN:286,(anonymous_12)
FN:313,(anonymous_13)
FN:314,(anonymous_14)
FNF:15
FNH:15
FNDA:2,(anonymous_0)
FNDA:2,(anonymous_1)
FNDA:2,(anonymous_2)
FNDA:5,(anonymous_3)
FNDA:1,(anonymous_4)
FNDA:3,(anonymous_5)
FNDA:3,(anonymous_6)
FNDA:2,(anonymous_7)
FNDA:2,(anonymous_8)
FNDA:2,(anonymous_9)
FNDA:2,(anonymous_10)
FNDA:2,(anonymous_11)
FNDA:2,(anonymous_12)
FNDA:1,(anonymous_13)
FNDA:3,(anonymous_14)
DA:9,1
DA:11,1
DA:14,1
DA:15,2
DA:16,2
DA:17,1
DA:19,1
DA:20,1
DA:25,1
DA:26,2
DA:28,2
DA:29,1
DA:32,1
DA:33,1
DA:34,1
DA:36,0
DA:37,0
DA:42,1
DA:43,2
DA:45,2
DA:47,2
DA:48,0
DA:51,2
DA:52,0
DA:55,2
DA:57,2
DA:59,2
DA:60,1
DA:63,1
DA:64,1
DA:65,1
DA:67,0
DA:68,0
DA:73,1
DA:74,5
DA:76,5
DA:77,2
DA:80,3
DA:82,3
DA:83,3
DA:84,1
DA:86,2
DA:87,2
DA:92,1
DA:93,1
DA:95,1
DA:96,1
DA:97,0
DA:100,1
DA:101,0
DA:104,1
DA:106,1
DA:108,1
DA:109,1
DA:110,0
DA:113,1
DA:114,1
DA:115,0
DA:118,1
DA:120,1
DA:121,1
DA:122,1
DA:124,0
DA:129,1
DA:130,3
DA:132,3
DA:134,3
DA:135,0
DA:138,3
DA:139,0
DA:142,3
DA:144,3
DA:146,3
DA:147,0
DA:150,3
DA:151,1
DA:154,2
DA:156,2
DA:157,1
DA:160,1
DA:162,1
DA:163,1
DA:164,1
DA:166,0
DA:173,1
DA:174,3
DA:176,3
DA:177,1
DA:180,2
DA:182,2
DA:184,2
DA:185,2
DA:186,1
DA:188,1
DA:189,1
DA:190,1
DA:191,1
DA:193,0
DA:198,1
DA:199,2
DA:201,2
DA:203,2
DA:204,1
DA:207,1
DA:209,1
DA:210,0
DA:213,1
DA:214,1
DA:215,1
DA:219,1
DA:220,2
DA:221,2
DA:223,2
DA:224,0
DA:227,2
DA:228,0
DA:231,2
DA:232,2
DA:233,2
DA:234,1
DA:236,1
DA:237,1
DA:238,1
DA:240,0
DA:244,1
DA:245,2
DA:246,2
DA:248,2
DA:249,0
DA:252,2
DA:253,2
DA:254,2
DA:255,1
DA:257,1
DA:258,1
DA:259,1
DA:261,0
DA:265,1
DA:266,2
DA:268,2
DA:269,0
DA:272,2
DA:273,2
DA:274,1
DA:275,2
DA:276,2
DA:278,1
DA:280,1
DA:286,1
DA:287,2
DA:289,2
DA:291,1
DA:294,1
DA:296,1
DA:298,1
DA:300,0
DA:303,1
DA:307,1
DA:312,1
DA:313,1
DA:314,1
DA:315,3
DA:317,2
DA:322,1
DA:326,1
DA:331,0
DA:332,0
LF:167
LH:141
BRDA:28,0,0,1
BRDA:28,0,1,1
BRDA:47,1,0,0
BRDA:47,1,1,2
BRDA:51,2,0,0
BRDA:51,2,1,2
BRDA:59,3,0,1
BRDA:59,3,1,1
BRDA:76,4,0,2
BRDA:76,4,1,3
BRDA:76,5,0,5
BRDA:76,5,1,3
BRDA:96,6,0,0
BRDA:96,6,1,1
BRDA:96,7,0,1
BRDA:96,7,1,1
BRDA:100,8,0,0
BRDA:100,8,1,1
BRDA:109,9,0,0
BRDA:109,9,1,1
BRDA:114,10,0,0
BRDA:114,10,1,1
BRDA:134,11,0,0
BRDA:134,11,1,3
BRDA:134,12,0,3
BRDA:134,12,1,3
BRDA:138,13,0,0
BRDA:138,13,1,3
BRDA:146,14,0,0
BRDA:146,14,1,3
BRDA:150,15,0,1
BRDA:150,15,1,2
BRDA:156,16,0,1
BRDA:156,16,1,1
BRDA:176,17,0,1
BRDA:176,17,1,2
BRDA:176,18,0,3
BRDA:176,18,1,2
BRDA:176,18,2,2
BRDA:189,19,0,1
BRDA:189,19,1,0
BRDA:203,20,0,1
BRDA:203,20,1,1
BRDA:209,21,0,0
BRDA:209,21,1,1
BRDA:223,22,0,0
BRDA:223,22,1,2
BRDA:227,23,0,0
BRDA:227,23,1,2
BRDA:233,24,0,1
BRDA:233,24,1,1
BRDA:248,25,0,0
BRDA:248,25,1,2
BRDA:254,26,0,1
BRDA:254,26,1,1
BRDA:268,27,0,0
BRDA:268,27,1,2
BRDA:289,28,0,1
BRDA:289,28,1,1
BRDA:298,29,0,0
BRDA:298,29,1,1
BRDA:315,30,0,2
BRDA:315,30,1,1
BRF:63
BRH:47
end_of_record
